* using log directory ‘/cloud/project/dawson.pkg/dawson.pkg.Rcheck’
* using R version 4.3.1 (2023-06-16)
* using platform: x86_64-pc-linux-gnu (64-bit)
* R was compiled by
    gcc (Ubuntu 9.4.0-1ubuntu1~20.04.2) 9.4.0
    GNU Fortran (Ubuntu 9.4.0-1ubuntu1~20.04.2) 9.4.0
* running under: Ubuntu 20.04.6 LTS
* using session charset: UTF-8
* using options ‘--no-manual --as-cran’
* checking for file ‘dawson.pkg/DESCRIPTION’ ... OK
* this is package ‘dawson.pkg’ version ‘0.1’
* package encoding: UTF-8
* checking package namespace information ... OK
* checking package dependencies ... OK
* checking if this is a source package ... OK
* checking if there is a namespace ... OK
* checking for executable files ... OK
* checking for hidden files and directories ... OK
* checking for portable file names ... OK
* checking for sufficient/correct file permissions ... OK
* checking serialization versions ... OK
* checking whether package ‘dawson.pkg’ can be installed ... OK
* checking installed package size ... OK
* checking package directory ... OK
* checking for future file timestamps ... OK
* checking DESCRIPTION meta-information ... OK
* checking top-level files ... NOTE
Non-standard files/directories found at top level:
  ‘README.html’ ‘Token’ ‘column_dictorary.txt’ ‘docs’
  ‘function_practice.R’
* checking for left-over files ... OK
* checking index information ... OK
* checking package subdirectories ... OK
* checking R files for non-ASCII characters ... OK
* checking R files for syntax errors ... OK
* checking whether the package can be loaded ... OK
* checking whether the package can be loaded with stated dependencies ... OK
* checking whether the package can be unloaded cleanly ... OK
* checking whether the namespace can be loaded with stated dependencies ... OK
* checking whether the namespace can be unloaded cleanly ... OK
* checking loading without being on the library search path ... OK
* checking dependencies in R code ... WARNING
'::' or ':::' import not declared from: ‘leaflet’
Namespaces in Imports field not imported from:
  ‘broom’ ‘ggplot2’ ‘tidyverse’
  All declared Imports should be used.
* checking S3 generic/method consistency ... OK
* checking replacement functions ... OK
* checking foreign function calls ... OK
* checking R code for possible problems ... NOTE
bar_plot: no visible global function definition for ‘ggplot’
bar_plot: no visible global function definition for ‘aes’
bar_plot: no visible global function definition for ‘geom_bar’
bar_plot: no visible global function definition for ‘labs’
clean: no visible global function definition for ‘%>%’
clean: no visible binding for global variable ‘na.omit’
map_nests: no visible global function definition for ‘%>%’
map_nests: no visible global function definition for ‘addTiles’
map_nests: no visible global function definition for ‘addMarkers’
perform_anova_and_lm: no visible global function definition for ‘anova’
perform_anova_and_lm: no visible global function definition for ‘lm’
sort_group_mutate: no visible global function definition for ‘%>%’
sort_group_mutate: no visible global function definition for ‘filter’
sort_group_mutate: no visible global function definition for ‘arrange’
sort_group_mutate: no visible global function definition for ‘group_by’
sort_group_mutate: no visible global function definition for ‘mutate’
Undefined global functions or variables:
  %>% addMarkers addTiles aes anova arrange filter geom_bar ggplot
  group_by labs lm mutate na.omit
Consider adding
  importFrom("stats", "anova", "filter", "lm", "na.omit")
to your NAMESPACE file.
* checking Rd files ... OK
* checking Rd metadata ... OK
* checking Rd line widths ... OK
* checking Rd cross-references ... OK
* checking for missing documentation entries ... WARNING
Undocumented code objects:
  ‘bar_plot’ ‘map_nests’ ‘sort_group_mutate’
All user-level objects in a package should have documentation entries.
See chapter ‘Writing R documentation files’ in the ‘Writing R
Extensions’ manual.
* checking for code/documentation mismatches ... WARNING
Functions or methods with usage in documentation object 'create_bar_plot' but not in code:
  ‘create_bar_plot’

* checking Rd \usage sections ... WARNING
Undocumented arguments in documentation object 'clean'
  ‘data’ ‘column’
Documented arguments not in \usage in documentation object 'clean':
  ‘len’ ‘width’ ‘height’

Undocumented arguments in documentation object 'create_bar_plot'
  ‘data’ ‘x_var’ ‘y_var’ ‘title’ ‘x_label’ ‘y_label’
Documented arguments not in \usage in documentation object 'create_bar_plot':
  ‘len’ ‘width’ ‘height’

Undocumented arguments in documentation object 'perform_anova_and_lm'
  ‘data’ ‘dependent_var’ ‘independent_var’
Documented arguments not in \usage in documentation object 'perform_anova_and_lm':
  ‘len’ ‘width’ ‘height’

Functions with \usage entries need to have the appropriate \alias
entries, and all their arguments documented.
The \usage entries must correspond to syntactically valid R code.
See chapter ‘Writing R documentation files’ in the ‘Writing R
Extensions’ manual.
* checking Rd contents ... OK
* checking for unstated dependencies in examples ... OK
* checking files in ‘vignettes’ ... WARNING
Files in the 'vignettes' directory but no files in 'inst/doc':
  ‘tutorial.Rmd’
Files named as vignettes but with no recognized vignette engine:
   ‘vignettes/tutorial.Rmd’
(Is a VignetteBuilder field missing?)
* checking examples ... NONE
* checking for non-standard things in the check directory ... OK
* checking for detritus in the temp directory ... OK
* DONE
Status: 5 WARNINGs, 2 NOTEs
